
Showing logs for build [32mcb-kubecd-environment-pr-209-5-2n2w6-1[0m stage [32mfrom-build-pack[0m and container [32mstep-credential-initializer-q9vl5[0m
{"level":"info","ts":1587746844.6311553,"logger":"fallback-logger","caller":"logging/config.go:69","msg":"Fetch GitHub commit ID from kodata failed: open /var/run/ko/refs/heads/0.8.0-ns-support: no such file or directory"}
{"level":"info","ts":1587746844.6317275,"logger":"fallback-logger","caller":"creds-init/main.go:40","msg":"Credentials initialized."}

Showing logs for build [32mcb-kubecd-environment-pr-209-5-2n2w6-1[0m stage [32mfrom-build-pack[0m and container [32mstep-working-dir-initializer-hznnz[0m
{"level":"info","ts":1587746846.0098445,"logger":"fallback-logger","caller":"logging/config.go:69","msg":"Fetch GitHub commit ID from kodata failed: open /var/run/ko/HEAD: no such file or directory"}
{"level":"info","ts":1587746846.0113423,"logger":"fallback-logger","caller":"bash/main.go:64","msg":"Successfully executed command \"sh -c mkdir -p /workspace/source\"; output "}

Showing logs for build [32mcb-kubecd-environment-pr-209-5-2n2w6-1[0m stage [32mfrom-build-pack[0m and container [32mstep-place-tools[0m

Showing logs for build [32mcb-kubecd-environment-pr-209-5-2n2w6-1[0m stage [32mfrom-build-pack[0m and container [32mstep-git-source-cb-kubecd-environment-pr-209-5-2n2w6-l45hr[0m
{"level":"info","ts":1587746850.1281106,"logger":"fallback-logger","caller":"logging/config.go:69","msg":"Fetch GitHub commit ID from kodata failed: open /var/run/ko/refs/heads/0.8.0-ns-support: no such file or directory"}
{"level":"info","ts":1587746851.1716807,"logger":"fallback-logger","caller":"git/git.go:103","msg":"Successfully cloned https://github.com/cb-kubecd/environment-pr-209-5-boot-gke-production.git @ master in path /workspace/source"}

Showing logs for build [32mcb-kubecd-environment-pr-209-5-2n2w6-1[0m stage [32mfrom-build-pack[0m and container [32mstep-git-merge[0m
Using SHAs from PULL_REFS=master:5064163f92c1c30ccdbb20c7980bb374262c9925,1:64cd97a89e9972c65f770822ec7220d38eca665e
DEBUG: LC_ALL=C JX_LOG_LEVEL=error git fetch origin --unshallow 64cd97a89e9972c65f770822ec7220d38eca665e: 5064163f92c1c30ccdbb20c7980bb374262c9925:
DEBUG: ran git fetch --unshallow origin 64cd97a89e9972c65f770822ec7220d38eca665e: 5064163f92c1c30ccdbb20c7980bb374262c9925: in 
DEBUG: LC_ALL=C JX_LOG_LEVEL=error git branch
DEBUG: LC_ALL=C JX_LOG_LEVEL=error git checkout master
DEBUG: ran git checkout master in 
DEBUG: LC_ALL=C JX_LOG_LEVEL=error git reset --hard 5064163f92c1c30ccdbb20c7980bb374262c9925
DEBUG: ran git reset --hard 5064163f92c1c30ccdbb20c7980bb374262c9925 in 
DEBUG: LC_ALL=C JX_LOG_LEVEL=error git clean -fd .
DEBUG: ran clean --force -d . in 
DEBUG: LC_ALL=C JX_LOG_LEVEL=error git merge 64cd97a89e9972c65f770822ec7220d38eca665e
DEBUG: ran git merge 64cd97a89e9972c65f770822ec7220d38eca665e in 
DEBUG: JX_LOG_LEVEL=error LC_ALL=C git log --format=%H%x1f%an%x1f%ae%x1f%cn%x1f%ce%x1f%s%n%b%x1e 5064163f92c1c30ccdbb20c7980bb374262c9925..HEAD
Merged SHA 64cd97a89e9972c65f770822ec7220d38eca665e with commit message 'chore: Promote bdd-spring-1587745959 to version 0.0.1' into base branch master

Showing logs for build [32mcb-kubecd-environment-pr-209-5-2n2w6-1[0m stage [32mfrom-build-pack[0m and container [32mstep-build-helm-build[0m
WARNING: No $CHART_REPOSITORY defined so using the default value of: http://jenkins-x-chartmuseum:8080
Adding missing Helm repo: storage.googleapis.com https://storage.googleapis.com/chartmuseum.jenkins-x.io
WARNING: No secrets found on "helm/repos" due: reading the secret "helm/repos" from vault: no secret "helm/repos" not found in vault
Read credentials for https://storage.googleapis.com/chartmuseum.jenkins-x.io from vault helm/repos
Successfully added Helm repository storage.googleapis.com.
Adding missing Helm repo: jenkins-x-chartmuseum http://jenkins-x-chartmuseum:8080
WARNING: No secrets found on "helm/repos" due: reading the secret "helm/repos" from vault: no secret "helm/repos" not found in vault
Read credentials for http://jenkins-x-chartmuseum:8080 from vault helm/repos
Successfully added Helm repository jenkins-x-chartmuseum.
WARNING: No $CHART_REPOSITORY defined so using the default value of: http://jenkins-x-chartmuseum:8080
Adding missing Helm repo: chartmuseum.jenkins-x.io http://chartmuseum.jenkins-x.io
WARNING: No secrets found on "helm/repos" due: reading the secret "helm/repos" from vault: no secret "helm/repos" not found in vault
Read credentials for http://chartmuseum.jenkins-x.io from vault helm/repos
Successfully added Helm repository chartmuseum.jenkins-x.io.
